215  INFO  c.d.driver.core.GuavaCompatibility: Detected Guava >= 19 in the classpath, using modern compatibility layer
515  INFO  c.datastax.driver.core.ClockFactory: Using native clock to generate timestamps.
688  INFO  com.datastax.driver.core.NettyUtil: Found Netty's native epoll transport in the classpath, using it
1223 INFO  c.d.d.c.p.DCAwareRoundRobinPolicy: Using data-center name 'datacenter1' for DCAwareRoundRobinPolicy (if this is incorrect, please provide the correct datacenter name with DCAwareRoundRobinPolicy constructor)
1226 INFO  com.datastax.driver.core.Cluster: New Cassandra host /127.0.0.1:9042 added
1319 INFO  cassdemo.backend.BackendSession: Statements prepared
1328 INFO  cassdemo.backend.BackendSession: Free seat0 upserted
1330 INFO  cassdemo.backend.BackendSession: Free seat1 upserted
1333 INFO  cassdemo.backend.BackendSession: Free seat2 upserted
1335 INFO  cassdemo.backend.BackendSession: Free seat3 upserted
1337 INFO  cassdemo.backend.BackendSession: Free seat4 upserted
1338 INFO  cassdemo.backend.BackendSession: Free seat5 upserted
1340 INFO  cassdemo.backend.BackendSession: Free seat6 upserted
1344 INFO  cassdemo.backend.BackendSession: Free seat7 upserted
1346 INFO  cassdemo.backend.BackendSession: Free seat8 upserted
1349 INFO  cassdemo.backend.BackendSession: Free seat9 upserted
1352 INFO  cassdemo.backend.BackendSession: Free seat10 upserted
1354 INFO  cassdemo.backend.BackendSession: Free seat11 upserted
1356 INFO  cassdemo.backend.BackendSession: Free seat12 upserted
1361 INFO  cassdemo.backend.BackendSession: Free seat13 upserted
1363 INFO  cassdemo.backend.BackendSession: Free seat14 upserted
1364 INFO  cassdemo.backend.BackendSession: Free seat15 upserted
1366 INFO  cassdemo.backend.BackendSession: Free seat16 upserted
1368 INFO  cassdemo.backend.BackendSession: Free seat17 upserted
1370 INFO  cassdemo.backend.BackendSession: Free seat18 upserted
1373 INFO  cassdemo.backend.BackendSession: Free seat19 upserted
1375 INFO  cassdemo.backend.BackendSession: Free seat20 upserted
1377 INFO  cassdemo.backend.BackendSession: Free seat21 upserted
1379 INFO  cassdemo.backend.BackendSession: Free seat22 upserted
1386 INFO  cassdemo.backend.BackendSession: Free seat23 upserted
1388 INFO  cassdemo.backend.BackendSession: Free seat24 upserted
1390 INFO  cassdemo.backend.BackendSession: Free seat25 upserted
1392 INFO  cassdemo.backend.BackendSession: Free seat26 upserted
1394 INFO  cassdemo.backend.BackendSession: Free seat27 upserted
1395 INFO  cassdemo.backend.BackendSession: Free seat28 upserted
1397 INFO  cassdemo.backend.BackendSession: Free seat29 upserted
1399 INFO  cassdemo.backend.BackendSession: Free seat30 upserted
1401 INFO  cassdemo.backend.BackendSession: Free seat31 upserted
1403 INFO  cassdemo.backend.BackendSession: Free seat32 upserted
1407 INFO  cassdemo.backend.BackendSession: Free seat33 upserted
1409 INFO  cassdemo.backend.BackendSession: Free seat34 upserted
1411 INFO  cassdemo.backend.BackendSession: Free seat35 upserted
1414 INFO  cassdemo.backend.BackendSession: Free seat36 upserted
1418 INFO  cassdemo.backend.BackendSession: Free seat37 upserted
1421 INFO  cassdemo.backend.BackendSession: Free seat38 upserted
1423 INFO  cassdemo.backend.BackendSession: Free seat39 upserted
1430 INFO  cassdemo.backend.BackendSession: Free seat40 upserted
1435 INFO  cassdemo.backend.BackendSession: Free seat41 upserted
1436 INFO  cassdemo.backend.BackendSession: Free seat42 upserted
1438 INFO  cassdemo.backend.BackendSession: Free seat43 upserted
1441 INFO  cassdemo.backend.BackendSession: Free seat44 upserted
1455 INFO  cassdemo.backend.BackendSession: Free seat45 upserted
1457 INFO  cassdemo.backend.BackendSession: Free seat46 upserted
1462 INFO  cassdemo.backend.BackendSession: Free seat47 upserted
1470 INFO  cassdemo.backend.BackendSession: Free seat48 upserted
1475 INFO  cassdemo.backend.BackendSession: Free seat49 upserted
1479 INFO  cassdemo.backend.BackendSession: Free seat50 upserted
1481 INFO  cassdemo.backend.BackendSession: Free seat51 upserted
1483 INFO  cassdemo.backend.BackendSession: Free seat52 upserted
1485 INFO  cassdemo.backend.BackendSession: Free seat53 upserted
1487 INFO  cassdemo.backend.BackendSession: Free seat54 upserted
1489 INFO  cassdemo.backend.BackendSession: Free seat55 upserted
1494 INFO  cassdemo.backend.BackendSession: Free seat56 upserted
1497 INFO  cassdemo.backend.BackendSession: Free seat57 upserted
1499 INFO  cassdemo.backend.BackendSession: Free seat58 upserted
1508 INFO  cassdemo.backend.BackendSession: Free seat59 upserted
1511 INFO  cassdemo.backend.BackendSession: Free seat60 upserted
1515 INFO  cassdemo.backend.BackendSession: Free seat61 upserted
1517 INFO  cassdemo.backend.BackendSession: Free seat62 upserted
1519 INFO  cassdemo.backend.BackendSession: Free seat63 upserted
1521 INFO  cassdemo.backend.BackendSession: Free seat64 upserted
1523 INFO  cassdemo.backend.BackendSession: Free seat65 upserted
1525 INFO  cassdemo.backend.BackendSession: Free seat66 upserted
1527 INFO  cassdemo.backend.BackendSession: Free seat67 upserted
1532 INFO  cassdemo.backend.BackendSession: Free seat68 upserted
1536 INFO  cassdemo.backend.BackendSession: Free seat69 upserted
1539 INFO  cassdemo.backend.BackendSession: Free seat70 upserted
1541 INFO  cassdemo.backend.BackendSession: Free seat71 upserted
1542 INFO  cassdemo.backend.BackendSession: Free seat72 upserted
1544 INFO  cassdemo.backend.BackendSession: Free seat73 upserted
1545 INFO  cassdemo.backend.BackendSession: Free seat74 upserted
1546 INFO  cassdemo.backend.BackendSession: Free seat75 upserted
1548 INFO  cassdemo.backend.BackendSession: Free seat76 upserted
1549 INFO  cassdemo.backend.BackendSession: Free seat77 upserted
1552 INFO  cassdemo.backend.BackendSession: Free seat78 upserted
1553 INFO  cassdemo.backend.BackendSession: Free seat79 upserted
1555 INFO  cassdemo.backend.BackendSession: Free seat80 upserted
1556 INFO  cassdemo.backend.BackendSession: Free seat81 upserted
1558 INFO  cassdemo.backend.BackendSession: Free seat82 upserted
1562 INFO  cassdemo.backend.BackendSession: Free seat83 upserted
1566 INFO  cassdemo.backend.BackendSession: Free seat84 upserted
1569 INFO  cassdemo.backend.BackendSession: Free seat85 upserted
1571 INFO  cassdemo.backend.BackendSession: Free seat86 upserted
1574 INFO  cassdemo.backend.BackendSession: Free seat87 upserted
1575 INFO  cassdemo.backend.BackendSession: Free seat88 upserted
1577 INFO  cassdemo.backend.BackendSession: Free seat89 upserted
1579 INFO  cassdemo.backend.BackendSession: Free seat90 upserted
1580 INFO  cassdemo.backend.BackendSession: Free seat91 upserted
1582 INFO  cassdemo.backend.BackendSession: Free seat92 upserted
1586 INFO  cassdemo.backend.BackendSession: Free seat93 upserted
1588 INFO  cassdemo.backend.BackendSession: Free seat94 upserted
1590 INFO  cassdemo.backend.BackendSession: Free seat95 upserted
1592 INFO  cassdemo.backend.BackendSession: Free seat96 upserted
1595 INFO  cassdemo.backend.BackendSession: Free seat97 upserted
1598 INFO  cassdemo.backend.BackendSession: Free seat98 upserted
1600 INFO  cassdemo.backend.BackendSession: Free seat99 upserted
1602 INFO  cassdemo.backend.BackendSession: Free seat100 upserted
1604 INFO  cassdemo.backend.BackendSession: Free seat101 upserted
1605 INFO  cassdemo.backend.BackendSession: Free seat102 upserted
1607 INFO  cassdemo.backend.BackendSession: Free seat103 upserted
1608 INFO  cassdemo.backend.BackendSession: Free seat104 upserted
1610 INFO  cassdemo.backend.BackendSession: Free seat105 upserted
1612 INFO  cassdemo.backend.BackendSession: Free seat106 upserted
1613 INFO  cassdemo.backend.BackendSession: Free seat107 upserted
1616 INFO  cassdemo.backend.BackendSession: Free seat108 upserted
1622 INFO  cassdemo.backend.BackendSession: Free seat109 upserted
1623 INFO  cassdemo.backend.BackendSession: Free seat110 upserted
1625 INFO  cassdemo.backend.BackendSession: Free seat111 upserted
1629 INFO  cassdemo.backend.BackendSession: Free seat112 upserted
1631 INFO  cassdemo.backend.BackendSession: Free seat113 upserted
1635 INFO  cassdemo.backend.BackendSession: Free seat114 upserted
1637 INFO  cassdemo.backend.BackendSession: Free seat115 upserted
1638 INFO  cassdemo.backend.BackendSession: Free seat116 upserted
1640 INFO  cassdemo.backend.BackendSession: Free seat117 upserted
1642 INFO  cassdemo.backend.BackendSession: Free seat118 upserted
1646 INFO  cassdemo.backend.BackendSession: Free seat119 upserted
1648 INFO  cassdemo.backend.BackendSession: Free seat120 upserted
1650 INFO  cassdemo.backend.BackendSession: Free seat121 upserted
1652 INFO  cassdemo.backend.BackendSession: Free seat122 upserted
1653 INFO  cassdemo.backend.BackendSession: Free seat123 upserted
1656 INFO  cassdemo.backend.BackendSession: Free seat124 upserted
1660 INFO  cassdemo.backend.BackendSession: Free seat125 upserted
1662 INFO  cassdemo.backend.BackendSession: Free seat126 upserted
1663 INFO  cassdemo.backend.BackendSession: Free seat127 upserted
1665 INFO  cassdemo.backend.BackendSession: Free seat128 upserted
1666 INFO  cassdemo.backend.BackendSession: Free seat129 upserted
1667 INFO  cassdemo.backend.BackendSession: Free seat130 upserted
1669 INFO  cassdemo.backend.BackendSession: Free seat131 upserted
1670 INFO  cassdemo.backend.BackendSession: Free seat132 upserted
1671 INFO  cassdemo.backend.BackendSession: Free seat133 upserted
1672 INFO  cassdemo.backend.BackendSession: Free seat134 upserted
1674 INFO  cassdemo.backend.BackendSession: Free seat135 upserted
1675 INFO  cassdemo.backend.BackendSession: Free seat136 upserted
1676 INFO  cassdemo.backend.BackendSession: Free seat137 upserted
1677 INFO  cassdemo.backend.BackendSession: Free seat138 upserted
1679 INFO  cassdemo.backend.BackendSession: Free seat139 upserted
1680 INFO  cassdemo.backend.BackendSession: Free seat140 upserted
1681 INFO  cassdemo.backend.BackendSession: Free seat141 upserted
1683 INFO  cassdemo.backend.BackendSession: Free seat142 upserted
1684 INFO  cassdemo.backend.BackendSession: Free seat143 upserted
1687 INFO  cassdemo.backend.BackendSession: Free seat144 upserted
1689 INFO  cassdemo.backend.BackendSession: Free seat145 upserted
1691 INFO  cassdemo.backend.BackendSession: Free seat146 upserted
1693 INFO  cassdemo.backend.BackendSession: Free seat147 upserted
1694 INFO  cassdemo.backend.BackendSession: Free seat148 upserted
1695 INFO  cassdemo.backend.BackendSession: Free seat149 upserted
1696 INFO  cassdemo.backend.BackendSession: Free seat150 upserted
1697 INFO  cassdemo.backend.BackendSession: Free seat151 upserted
1699 INFO  cassdemo.backend.BackendSession: Free seat152 upserted
1700 INFO  cassdemo.backend.BackendSession: Free seat153 upserted
1701 INFO  cassdemo.backend.BackendSession: Free seat154 upserted
1702 INFO  cassdemo.backend.BackendSession: Free seat155 upserted
1704 INFO  cassdemo.backend.BackendSession: Free seat156 upserted
1705 INFO  cassdemo.backend.BackendSession: Free seat157 upserted
1706 INFO  cassdemo.backend.BackendSession: Free seat158 upserted
1708 INFO  cassdemo.backend.BackendSession: Free seat159 upserted
1710 INFO  cassdemo.backend.BackendSession: Free seat160 upserted
1711 INFO  cassdemo.backend.BackendSession: Free seat161 upserted
1713 INFO  cassdemo.backend.BackendSession: Free seat162 upserted
1714 INFO  cassdemo.backend.BackendSession: Free seat163 upserted
1719 INFO  cassdemo.backend.BackendSession: Free seat164 upserted
1721 INFO  cassdemo.backend.BackendSession: Free seat165 upserted
1723 INFO  cassdemo.backend.BackendSession: Free seat166 upserted
1724 INFO  cassdemo.backend.BackendSession: Free seat167 upserted
1729 INFO  cassdemo.backend.BackendSession: Free seat168 upserted
1730 INFO  cassdemo.backend.BackendSession: Free seat169 upserted
1731 INFO  cassdemo.backend.BackendSession: Free seat170 upserted
1733 INFO  cassdemo.backend.BackendSession: Free seat171 upserted
1737 INFO  cassdemo.backend.BackendSession: Free seat172 upserted
1738 INFO  cassdemo.backend.BackendSession: Free seat173 upserted
1740 INFO  cassdemo.backend.BackendSession: Free seat174 upserted
1741 INFO  cassdemo.backend.BackendSession: Free seat175 upserted
1743 INFO  cassdemo.backend.BackendSession: Free seat176 upserted
1744 INFO  cassdemo.backend.BackendSession: Free seat177 upserted
1746 INFO  cassdemo.backend.BackendSession: Free seat178 upserted
1749 INFO  cassdemo.backend.BackendSession: Free seat179 upserted
1751 INFO  cassdemo.backend.BackendSession: Free seat180 upserted
1753 INFO  cassdemo.backend.BackendSession: Free seat181 upserted
1754 INFO  cassdemo.backend.BackendSession: Free seat182 upserted
1756 INFO  cassdemo.backend.BackendSession: Free seat183 upserted
1758 INFO  cassdemo.backend.BackendSession: Free seat184 upserted
1760 INFO  cassdemo.backend.BackendSession: Free seat185 upserted
1766 INFO  cassdemo.backend.BackendSession: Free seat186 upserted
1767 INFO  cassdemo.backend.BackendSession: Free seat187 upserted
1769 INFO  cassdemo.backend.BackendSession: Free seat188 upserted
1770 INFO  cassdemo.backend.BackendSession: Free seat189 upserted
1772 INFO  cassdemo.backend.BackendSession: Free seat190 upserted
1773 INFO  cassdemo.backend.BackendSession: Free seat191 upserted
1774 INFO  cassdemo.backend.BackendSession: Free seat192 upserted
1776 INFO  cassdemo.backend.BackendSession: Free seat193 upserted
1778 INFO  cassdemo.backend.BackendSession: Free seat194 upserted
1781 INFO  cassdemo.backend.BackendSession: Free seat195 upserted
1783 INFO  cassdemo.backend.BackendSession: Free seat196 upserted
1785 INFO  cassdemo.backend.BackendSession: Free seat197 upserted
1799 INFO  cassdemo.backend.BackendSession: Free seat198 upserted
1800 INFO  cassdemo.backend.BackendSession: Free seat199 upserted
1802 INFO  cassdemo.backend.BackendSession: Free seat200 upserted
1803 INFO  cassdemo.backend.BackendSession: Free seat201 upserted
1805 INFO  cassdemo.backend.BackendSession: Free seat202 upserted
1808 INFO  cassdemo.backend.BackendSession: Free seat203 upserted
1810 INFO  cassdemo.backend.BackendSession: Free seat204 upserted
1813 INFO  cassdemo.backend.BackendSession: Free seat205 upserted
1815 INFO  cassdemo.backend.BackendSession: Free seat206 upserted
1816 INFO  cassdemo.backend.BackendSession: Free seat207 upserted
1818 INFO  cassdemo.backend.BackendSession: Free seat208 upserted
1819 INFO  cassdemo.backend.BackendSession: Free seat209 upserted
1820 INFO  cassdemo.backend.BackendSession: Free seat210 upserted
1822 INFO  cassdemo.backend.BackendSession: Free seat211 upserted
1823 INFO  cassdemo.backend.BackendSession: Free seat212 upserted
1825 INFO  cassdemo.backend.BackendSession: Free seat213 upserted
1830 INFO  cassdemo.backend.BackendSession: Free seat214 upserted
1832 INFO  cassdemo.backend.BackendSession: Free seat215 upserted
1833 INFO  cassdemo.backend.BackendSession: Free seat216 upserted
1835 INFO  cassdemo.backend.BackendSession: Free seat217 upserted
1839 INFO  cassdemo.backend.BackendSession: Free seat218 upserted
1842 INFO  cassdemo.backend.BackendSession: Free seat219 upserted
1844 INFO  cassdemo.backend.BackendSession: Free seat220 upserted
1849 INFO  cassdemo.backend.BackendSession: Free seat221 upserted
1850 INFO  cassdemo.backend.BackendSession: Free seat222 upserted
1853 INFO  cassdemo.backend.BackendSession: Free seat223 upserted
1854 INFO  cassdemo.backend.BackendSession: Free seat224 upserted
1856 INFO  cassdemo.backend.BackendSession: Free seat225 upserted
1858 INFO  cassdemo.backend.BackendSession: Free seat226 upserted
1860 INFO  cassdemo.backend.BackendSession: Free seat227 upserted
1862 INFO  cassdemo.backend.BackendSession: Free seat228 upserted
1863 INFO  cassdemo.backend.BackendSession: Free seat229 upserted
1865 INFO  cassdemo.backend.BackendSession: Free seat230 upserted
1866 INFO  cassdemo.backend.BackendSession: Free seat231 upserted
1870 INFO  cassdemo.backend.BackendSession: Free seat232 upserted
1873 INFO  cassdemo.backend.BackendSession: Free seat233 upserted
1875 INFO  cassdemo.backend.BackendSession: Free seat234 upserted
1877 INFO  cassdemo.backend.BackendSession: Free seat235 upserted
1881 INFO  cassdemo.backend.BackendSession: Free seat236 upserted
1883 INFO  cassdemo.backend.BackendSession: Free seat237 upserted
1885 INFO  cassdemo.backend.BackendSession: Free seat238 upserted
1886 INFO  cassdemo.backend.BackendSession: Free seat239 upserted
1889 INFO  cassdemo.backend.BackendSession: Free seat240 upserted
1891 INFO  cassdemo.backend.BackendSession: Free seat241 upserted
1893 INFO  cassdemo.backend.BackendSession: Free seat242 upserted
1895 INFO  cassdemo.backend.BackendSession: Free seat243 upserted
1901 INFO  cassdemo.backend.BackendSession: Free seat244 upserted
1905 INFO  cassdemo.backend.BackendSession: Free seat245 upserted
1907 INFO  cassdemo.backend.BackendSession: Free seat246 upserted
1908 INFO  cassdemo.backend.BackendSession: Free seat247 upserted
1910 INFO  cassdemo.backend.BackendSession: Free seat248 upserted
1912 INFO  cassdemo.backend.BackendSession: Free seat249 upserted
1914 INFO  cassdemo.backend.BackendSession: Free seat250 upserted
1916 INFO  cassdemo.backend.BackendSession: Free seat251 upserted
1919 INFO  cassdemo.backend.BackendSession: Free seat252 upserted
1920 INFO  cassdemo.backend.BackendSession: Free seat253 upserted
1922 INFO  cassdemo.backend.BackendSession: Free seat254 upserted
1924 INFO  cassdemo.backend.BackendSession: Free seat255 upserted
1925 INFO  cassdemo.backend.BackendSession: Free seat256 upserted
1927 INFO  cassdemo.backend.BackendSession: Free seat257 upserted
1928 INFO  cassdemo.backend.BackendSession: Free seat258 upserted
1930 INFO  cassdemo.backend.BackendSession: Free seat259 upserted
1933 INFO  cassdemo.backend.BackendSession: Free seat260 upserted
1935 INFO  cassdemo.backend.BackendSession: Free seat261 upserted
1939 INFO  cassdemo.backend.BackendSession: Free seat262 upserted
1941 INFO  cassdemo.backend.BackendSession: Free seat263 upserted
1942 INFO  cassdemo.backend.BackendSession: Free seat264 upserted
1944 INFO  cassdemo.backend.BackendSession: Free seat265 upserted
1947 INFO  cassdemo.backend.BackendSession: Free seat266 upserted
1948 INFO  cassdemo.backend.BackendSession: Free seat267 upserted
1950 INFO  cassdemo.backend.BackendSession: Free seat268 upserted
1951 INFO  cassdemo.backend.BackendSession: Free seat269 upserted
1953 INFO  cassdemo.backend.BackendSession: Free seat270 upserted
1959 INFO  cassdemo.backend.BackendSession: Free seat271 upserted
1963 INFO  cassdemo.backend.BackendSession: Free seat272 upserted
1966 INFO  cassdemo.backend.BackendSession: Free seat273 upserted
1968 INFO  cassdemo.backend.BackendSession: Free seat274 upserted
1970 INFO  cassdemo.backend.BackendSession: Free seat275 upserted
1974 INFO  cassdemo.backend.BackendSession: Free seat276 upserted
1977 INFO  cassdemo.backend.BackendSession: Free seat277 upserted
1979 INFO  cassdemo.backend.BackendSession: Free seat278 upserted
1982 INFO  cassdemo.backend.BackendSession: Free seat279 upserted
1983 INFO  cassdemo.backend.BackendSession: Free seat280 upserted
1985 INFO  cassdemo.backend.BackendSession: Free seat281 upserted
1987 INFO  cassdemo.backend.BackendSession: Free seat282 upserted
1989 INFO  cassdemo.backend.BackendSession: Free seat283 upserted
1993 INFO  cassdemo.backend.BackendSession: Free seat284 upserted
1996 INFO  cassdemo.backend.BackendSession: Free seat285 upserted
1998 INFO  cassdemo.backend.BackendSession: Free seat286 upserted
1999 INFO  cassdemo.backend.BackendSession: Free seat287 upserted
2002 INFO  cassdemo.backend.BackendSession: Free seat288 upserted
2006 INFO  cassdemo.backend.BackendSession: Free seat289 upserted
2008 INFO  cassdemo.backend.BackendSession: Free seat290 upserted
2010 INFO  cassdemo.backend.BackendSession: Free seat291 upserted
2011 INFO  cassdemo.backend.BackendSession: Free seat292 upserted
2013 INFO  cassdemo.backend.BackendSession: Free seat293 upserted
2014 INFO  cassdemo.backend.BackendSession: Free seat294 upserted
2015 INFO  cassdemo.backend.BackendSession: Free seat295 upserted
2017 INFO  cassdemo.backend.BackendSession: Free seat296 upserted
2019 INFO  cassdemo.backend.BackendSession: Free seat297 upserted
2026 INFO  cassdemo.backend.BackendSession: Free seat298 upserted
2030 INFO  cassdemo.backend.BackendSession: Free seat299 upserted
